<?xml version="1.0" encoding="UTF-8"?>
<testng-results skipped="0" failed="0" total="2" passed="2">
  <reporter-output>
    <line>
      <![CDATA[<div class='FINE'>Loaded logger configuration from log.propertiesfile: log.properties</div>]]>
    </line>
    <line>
      <![CDATA[<div class='INFO'>System property automation.propertiesfile is not set.  Defaulting to /home/jenkins/automation.properties</div>]]>
    </line>
    <line>
      <![CDATA[<div class='INFO'>Unable to parse as a URL: /home/jenkins/automation.properties, trying as a filename.</div>]]>
    </line>
    <line>
      <![CDATA[<div class='SEVERE'>Could not load automation properties from /home/jenkins/automation.properties</div>]]>
    </line>
    <line>
      <![CDATA[<div class='FINER'>Property(KATELLO_CLIENT_HOSTNAME)= cfseserver4.usersys.redhat.com</div>]]>
    </line>
    <line>
      <![CDATA[<div class='FINER'>Property(KATELLO_SERVER_HOSTNAME)= cfseserver4.usersys.redhat.com</div>]]>
    </line>
    <line>
      <![CDATA[<div class='FINER'>Property(TCMS_CATEGORY)= Errata</div>]]>
    </line>
    <line>
      <![CDATA[<div class='FINER'>Property(TEST_GROUP)= CLI_Tests</div>]]>
    </line>
    <line>
      <![CDATA[<div class='FINER'>Property(awt.toolkit)= sun.awt.X11.XToolkit</div>]]>
    </line>
    <line>
      <![CDATA[<div class='FINER'>Property(file.encoding)= UTF-8</div>]]>
    </line>
    <line>
      <![CDATA[<div class='FINER'>Property(file.encoding.pkg)= sun.io</div>]]>
    </line>
    <line>
      <![CDATA[<div class='FINER'>Property(file.separator)= /</div>]]>
    </line>
    <line>
      <![CDATA[<div class='FINER'>Property(http.keepAlive)= true</div>]]>
    </line>
    <line>
      <![CDATA[<div class='FINER'>Property(java.awt.graphicsenv)= sun.awt.X11GraphicsEnvironment</div>]]>
    </line>
    <line>
      <![CDATA[<div class='FINER'>Property(java.awt.printerjob)= sun.print.PSPrinterJob</div>]]>
    </line>
    <line>
      <![CDATA[<div class='FINER'>Property(java.class.path)= /home/jenkins/workspace/katello-api-TCMS/build/classes/test:/home/jenkins/workspace/katello-api-TCMS/build/resources/test:/home/jenkins/workspace/katello-api-TCMS/build/classes/main:/home/jenkins/workspace/katello-api-TCMS/build/resources/main:/home/jenkins/workspace/katello-api-TCMS/caches/artifacts-23/filestore/org.testng/testng/6.8/jar/ad4531b28715d39f73c49a56caf0c456cb34d48c/testng-6.8.jar:/home/jenkins/workspace/katello-api-TCMS/caches/artifacts-23/filestore/com.redhat.qe/assertions/1.0.2/jar/28cd6f62f2294cc577cd3a5a65664cd769c2c22e/assertions-1.0.2.jar:/home/jenkins/workspace/katello-api-TCMS/caches/artifacts-23/filestore/com.redhat.qe/logging-testscript/1.0.2/jar/707b03f68a10bf26757b14c764950efd8cb60cd/logging-testscript-1.0.2.jar:/home/jenkins/workspace/katello-api-TCMS/caches/artifacts-23/filestore/com.redhat.qe/ssh-tools/1.0.1-SNAPSHOT/jar/155b0824cdccdd31baf41d6179ac72b312590598/ssh-tools-1.0.1-SNAPSHOT.jar:/home/jenkins/workspace/katello-api-TCMS/caches/artifacts-23/filestore/com.redhat.qe/testng-listeners/1.0.0/jar/8558eceb111a09f764b6b67a02841c88ed85673d/testng-listeners-1.0.0.jar:/home/jenkins/workspace/katello-api-TCMS/caches/artifacts-23/filestore/velocity/velocity-dep/1.4/jar/b1df5193d3dd66a310b32828c547cd9e163b98df/velocity-dep-1.4.jar:/home/jenkins/workspace/katello-api-TCMS/caches/artifacts-23/filestore/com.trilead/trilead-ssh2/build213-svnkit-1.3-patch/jar/68b82d7246fd90e0fc70bb9c8f10611489bf371a/trilead-ssh2-build213-svnkit-1.3-patch.jar:/home/jenkins/workspace/katello-api-TCMS/caches/artifacts-23/filestore/com.googlecode.json-simple/json-simple/1.1/jar/5e303a03d04e6788dddfa3655272580ae0fc13bb/json-simple-1.1.jar:/home/jenkins/workspace/katello-api-TCMS/caches/artifacts-23/filestore/com.google.inject/guice/3.0/jar/9d84f15fe35e2c716a02979fb62f50a29f38aefa/guice-3.0.jar:/home/jenkins/workspace/katello-api-TCMS/caches/artifacts-23/filestore/com.google.inject.extensions/guice-assistedinject/3.0/jar/544449ddb19f088dcde44f055d30a08835a954a7/guice-assistedinject-3.0.jar:/home/jenkins/workspace/katello-api-TCMS/caches/artifacts-23/filestore/com.google.inject.extensions/guice-throwingproviders/3.0/jar/3e87a2702e175b7ae88a425f2ccdc98808725942/guice-throwingproviders-3.0.jar:/home/jenkins/workspace/katello-api-TCMS/caches/artifacts-23/filestore/com.google.inject.extensions/guice-grapher/3.0/jar/4c437885d7e30837246716f0bff08a5e709ef5b2/guice-grapher-3.0.jar:/home/jenkins/workspace/katello-api-TCMS/caches/artifacts-23/filestore/org.slf4j/slf4j-api/1.6.6/jar/ce53b0a0e2cfbb27e8a59d38f79a18a5c6a8d2b0/slf4j-api-1.6.6.jar:/home/jenkins/workspace/katello-api-TCMS/caches/artifacts-23/filestore/org.apache.httpcomponents/httpclient/4.2.1/jar/b69bd03af60bf487b3ae1209a644ecac587bf6fc/httpclient-4.2.1.jar:/home/jenkins/workspace/katello-api-TCMS/caches/artifacts-23/filestore/org.jboss.resteasy/resteasy-jaxrs/2.3.4.Final/jar/d3dd6006a016decbfaead151be07df2ea4075dc0/resteasy-jaxrs-2.3.4.Final.jar:/home/jenkins/workspace/katello-api-TCMS/caches/artifacts-23/filestore/org.jboss.resteasy/resteasy-jackson-provider/2.3.4.Final/jar/fda62d1725cbe2284137d9415f155f8a1123c1aa/resteasy-jackson-provider-2.3.4.Final.jar:/home/jenkins/workspace/katello-api-TCMS/caches/artifacts-23/filestore/org.jboss.resteasy/resteasy-multipart-provider/2.3.4.Final/jar/517f808a9dbc27ca0d6a2048f78d934ab89906c2/resteasy-multipart-provider-2.3.4.Final.jar:/home/jenkins/workspace/katello-api-TCMS/caches/artifacts-23/filestore/net.oauth.core/oauth/20100527/jar/a84c5331e225bc25a5a288db328048d6b1bb6fd5/oauth-20100527.jar:/home/jenkins/workspace/katello-api-TCMS/caches/artifacts-23/filestore/org.apache.deltacloud.client/deltacloud-client/0.2.0/jar/e4d578e0a5feb55566db1333fb64138537c56c9d/deltacloud-client-0.2.0.jar:/home/jenkins/workspace/katello-api-TCMS/caches/artifacts-23/filestore/org.codehaus.groovy/groovy/1.8.6/jar/553ca93e0407c94c89b058c482a404427ac7fc72/groovy-1.8.6.jar:/home/jenkins/workspace/katello-api-TCMS/caches/artifacts-23/filestore/xmlunit/xmlunit/1.0/jar/7ea9acadc8855ad7f60cb1611e3c9f55ae3f54cc/xmlunit-1.0.jar:/home/jenkins/workspace/katello-api-TCMS/caches/artifacts-23/filestore/org.uncommons/reportng/1.1.3/jar/ef0974f709ce8839c2e4fb7da111f8aefcc682d8/reportng-1.1.3.jar:/home/jenkins/workspace/katello-api-TCMS/caches/artifacts-23/filestore/org.slf4j/slf4j-jdk14/1.6.6/jar/44ddb5edcb392375227efdf6ed8ea487f1b7d746/slf4j-jdk14-1.6.6.jar:/home/jenkins/workspace/katello-api-TCMS/caches/artifacts-23/filestore/com.redhat.qe/tcms-testng/1.0.1/jar/5074d198f6868e12ae18492e9a2cd8fef5d9fdf/tcms-testng-1.0.1.jar:/home/jenkins/workspace/katello-api-TCMS/caches/artifacts-23/filestore/com.redhat.qe/jul.test.records/1.0.1/jar/d8ce23fe0bad50a1da2c8ecc5e8626541e394a36/jul.test.records-1.0.1.jar:/home/jenkins/workspace/katello-api-TCMS/caches/artifacts-23/filestore/org.hamcrest/hamcrest-core/1.1/jar/860340562250678d1a344907ac75754e259cdb14/hamcrest-core-1.1.jar:/home/jenkins/workspace/katello-api-TCMS/caches/artifacts-23/filestore/junit/junit/4.10/jar/e4f1766ce7404a08f45d859fb9c226fc9e41a861/junit-4.10.jar:/home/jenkins/workspace/katello-api-TCMS/caches/artifacts-23/filestore/org.beanshell/bsh/2.0b4/jar/a05f0a0feefa8d8467ac80e16e7de071489f0d9c/bsh-2.0b4.jar:/home/jenkins/workspace/katello-api-TCMS/caches/artifacts-23/filestore/com.beust/jcommander/1.27/jar/58c9cbf0f1fa296f93c712f2cf46de50471920f9/jcommander-1.27.jar:/home/jenkins/workspace/katello-api-TCMS/caches/artifacts-23/filestore/org.yaml/snakeyaml/1.6/jar/a1e23e31c424d566ee27382e373d73a28fdabd88/snakeyaml-1.6.jar:/home/jenkins/workspace/katello-api-TCMS/caches/artifacts-23/filestore/com.redhat.qe/comparisons/1.0.0/jar/8f3b0588416d1a3c929e1251660b76eadf76ffc9/comparisons-1.0.0.jar:/home/jenkins/workspace/katello-api-TCMS/caches/artifacts-23/filestore/org.seleniumhq.selenium.client-drivers/selenium-java-client-driver/1.0.2/jar/9a9a25533d9bbb432a30649e7f07c309c7911476/selenium-java-client-driver-1.0.2.jar:/home/jenkins/workspace/katello-api-TCMS/caches/artifacts-23/filestore/com.redhat.qe/extended-selenium/1.0.3/jar/c1998ec9ea1038a821e729984945464eb6ebb1ea/extended-selenium-1.0.3.jar:/home/jenkins/workspace/katello-api-TCMS/caches/artifacts-23/filestore/commons-logging/commons-logging/1.1.1/jar/5043bfebc3db072ed80fbd362e7caf00e885d8ae/commons-logging-1.1.1.jar:/home/jenkins/workspace/katello-api-TCMS/caches/artifacts-23/filestore/commons-codec/commons-codec/1.6/jar/b7f0fc8f61ecadeb3695f0b9464755eee44374d4/commons-codec-1.6.jar:/home/jenkins/workspace/katello-api-TCMS/caches/artifacts-23/filestore/commons-httpclient/commons-httpclient/3.1/jar/964cd74171f427720480efdec40a7c7f6e58426a/commons-httpclient-3.1.jar:/home/jenkins/workspace/katello-api-TCMS/caches/artifacts-23/filestore/xml-apis/xml-apis/1.0.b2/jar/3136ca936f64c9d68529f048c2618bd356bf85c9/xml-apis-1.0.b2.jar:/home/jenkins/workspace/katello-api-TCMS/caches/artifacts-23/filestore/org.apache.ws.commons.util/ws-commons-util/1.0.2/jar/3f478e6def772c19d1053f61198fa1f6a6119238/ws-commons-util-1.0.2.jar:/home/jenkins/workspace/katello-api-TCMS/caches/artifacts-23/filestore/org.apache.xmlrpc/xmlrpc-common/3.1.3/jar/415daf1f1473a947452588906dc9f5b3575fb44d/xmlrpc-common-3.1.3.jar:/home/jenkins/workspace/katello-api-TCMS/caches/artifacts-23/filestore/org.apache.xmlrpc/xmlrpc-client/3.1.3/jar/e486ad917028b52265610206fb5a1e2b5914b94b/xmlrpc-client-3.1.3.jar:/home/jenkins/workspace/katello-api-TCMS/caches/artifacts-23/filestore/ca.juliusdavies/not-yet-commons-ssl/0.3.11/jar/325f6743e2747b3e886897e3eea810db11ede393/not-yet-commons-ssl-0.3.11.jar:/home/jenkins/workspace/katello-api-TCMS/caches/artifacts-23/filestore/org.clojars.weissjeffm/httpclient-negotiate/1.0/jar/c20c0efad9346ca8ef2f020fd4feeca3af538660/httpclient-negotiate-1.0.jar:/home/jenkins/workspace/katello-api-TCMS/caches/artifacts-23/filestore/com.redhat.qe/xmlrpc-client-tools/1.0.3/jar/9156d2e7d8e4301c176395eef8628dfede571537/xmlrpc-client-tools-1.0.3.jar:/home/jenkins/workspace/katello-api-TCMS/caches/artifacts-23/filestore/com.redhat.qe/tcms/1.0.1/jar/c78f013159a0c2e2f51e20fcdb87e79685554abe/tcms-1.0.1.jar:/home/jenkins/workspace/katello-api-TCMS/caches/artifacts-23/filestore/com.redhat.qe/bz-checker/1.0.2/jar/14297842bfc5e8d91877347e8e7745c0cce2444/bz-checker-1.0.2.jar:/home/jenkins/workspace/katello-api-TCMS/caches/artifacts-23/filestore/com.redhat.qe/bugzilla-testng/1.0.4/jar/bd28620f3c77f3da711ce85379ba22c599f4436d/bugzilla-testng-1.0.4.jar:/home/jenkins/workspace/katello-api-TCMS/caches/artifacts-23/filestore/javax.inject/javax.inject/1/jar/6975da39a7040257bd51d21a231b76c915872d38/javax.inject-1.jar:/home/jenkins/workspace/katello-api-TCMS/caches/artifacts-23/filestore/aopalliance/aopalliance/1.0/jar/235ba8b489512805ac13a8f9ea77a1ca5ebe3e8/aopalliance-1.0.jar:/home/jenkins/workspace/katello-api-TCMS/caches/artifacts-23/filestore/asm/asm/3.2/jar/9bc1511dec6adf302991ced13303e4140fdf9ab7/asm-3.2.jar:/home/jenkins/workspace/katello-api-TCMS/caches/artifacts-23/filestore/org.sonatype.sisu.inject/cglib/2.2.1-v20090111/jar/7ce5e983fd0e6c78346f4c9cbfa39d83049dda2/cglib-2.2.1-v20090111.jar:/home/jenkins/workspace/katello-api-TCMS/caches/artifacts-23/filestore/com.google.inject.extensions/guice-multibindings/3.0/jar/5e670615a927571234df68a8b1fe1a16272be555/guice-multibindings-3.0.jar:/home/jenkins/workspace/katello-api-TCMS/caches/artifacts-23/filestore/org.apache.httpcomponents/httpcore/4.2.1/jar/2d503272bf0a8b5f92d64db78b4ba9abbaccc6fd/httpcore-4.2.1.jar:/home/jenkins/workspace/katello-api-TCMS/caches/artifacts-23/filestore/org.jboss.resteasy/jaxrs-api/2.3.4.Final/jar/c2c53750479e1a64d1e661a38f11d0dc9ba4fc0b/jaxrs-api-2.3.4.Final.jar:/home/jenkins/workspace/katello-api-TCMS/caches/artifacts-23/filestore/javax.annotation/jsr250-api/1.0/jar/5025422767732a1ab45d93abfea846513d742dcf/jsr250-api-1.0.jar:/home/jenkins/workspace/katello-api-TCMS/caches/artifacts-23/filestore/javax.activation/activation/1.1/jar/e6cb541461c2834bdea3eb920f1884d1eb508b50/activation-1.1.jar:/home/jenkins/workspace/katello-api-TCMS/caches/artifacts-23/filestore/net.jcip/jcip-annotations/1.0/jar/afba4942caaeaf46aab0b976afd57cc7c181467e/jcip-annotations-1.0.jar:/home/jenkins/workspace/katello-api-TCMS/caches/artifacts-23/filestore/org.codehaus.jackson/jackson-core-asl/1.8.5/jar/713a5564acb9a5467521bbb53221ab8e1fe65039/jackson-core-asl-1.8.5.jar:/home/jenkins/workspace/katello-api-TCMS/caches/artifacts-23/filestore/org.codehaus.jackson/jackson-mapper-asl/1.8.5/jar/56439095aa051521c5abb330235820c66886b5e5/jackson-mapper-asl-1.8.5.jar:/home/jenkins/workspace/katello-api-TCMS/caches/artifacts-23/filestore/org.codehaus.jackson/jackson-jaxrs/1.8.5/jar/9a808075c5a0422536b9b9209e4da8f887daf693/jackson-jaxrs-1.8.5.jar:/home/jenkins/workspace/katello-api-TCMS/caches/artifacts-23/filestore/org.codehaus.jackson/jackson-xc/1.8.5/jar/b88ff47f12822e782158bc926d096c4a20b9c1fc/jackson-xc-1.8.5.jar:/home/jenkins/workspace/katello-api-TCMS/caches/artifacts-23/filestore/javax.xml.stream/stax-api/1.0-2/jar/d6337b0de8b25e53e81b922352fbea9f9f57ba0b/stax-api-1.0-2.jar:/home/jenkins/workspace/katello-api-TCMS/caches/artifacts-23/filestore/javax.xml.bind/jaxb-api/2.2.3/jar/184d5f1060c41a8fa28e55b8b7d2c96bec99b079/jaxb-api-2.2.3.jar:/home/jenkins/workspace/katello-api-TCMS/caches/artifacts-23/filestore/com.sun.xml.bind/jaxb-impl/2.2.4/jar/14d785b91bafbd91c312efd73c5c4528a8adbdfb/jaxb-impl-2.2.4.jar:/home/jenkins/workspace/katello-api-TCMS/caches/artifacts-23/filestore/org.jboss.resteasy/resteasy-jaxb-provider/2.3.4.Final/jar/628631b9ada2dce65a84687a532335c385439d2d/resteasy-jaxb-provider-2.3.4.Final.jar:/home/jenkins/workspace/katello-api-TCMS/caches/artifacts-23/filestore/javax.mail/mail/1.4.4/jar/b907ef0a02ff6e809392b1e7149198497fcc8e49/mail-1.4.4.jar:/home/jenkins/workspace/katello-api-TCMS/caches/artifacts-23/filestore/org.apache.james/apache-mime4j/0.6/jar/945007627e8d12275d755081a9e609c018e1210d/apache-mime4j-0.6.jar:/home/jenkins/workspace/katello-api-TCMS/caches/artifacts-23/filestore/javax.servlet/servlet-api/2.5/jar/5959582d97d8b61f4d154ca9e495aafd16726e34/servlet-api-2.5.jar:/home/jenkins/workspace/katello-api-TCMS/caches/artifacts-23/filestore/antlr/antlr/2.7.7/jar/83cd2cd674a217ade95a4bb83a8a14f351f48bd0/antlr-2.7.7.jar:/home/jenkins/workspace/katello-api-TCMS/caches/artifacts-23/filestore/asm/asm-tree/3.2/jar/cd792e29c79d170c5d0bdd05adf5807cf6875c90/asm-tree-3.2.jar:/home/jenkins/workspace/katello-api-TCMS/caches/artifacts-23/filestore/asm/asm-commons/3.2/jar/e7a19b8c60589499e35f5d2068d09013030b8891/asm-commons-3.2.jar:/home/jenkins/workspace/katello-api-TCMS/caches/artifacts-23/filestore/asm/asm-util/3.2/jar/37ebfdad34d5f1f45109981465f311bbfbe82dcf/asm-util-3.2.jar:/home/jenkins/workspace/katello-api-TCMS/caches/artifacts-23/filestore/asm/asm-analysis/3.2/jar/c624956db93975b7197699dcd7de6145ca7cf2c8/asm-analysis-3.2.jar:/home/jenkins/workspace/katello-api-TCMS/caches/artifacts-23/filestore/velocity/velocity/1.4/jar/936d56c82103644ef042139d9e796cc0cf8edc32/velocity-1.4.jar</div>]]>
    </line>
    <line>
      <![CDATA[<div class='FINER'>Property(java.class.version)= 51.0</div>]]>
    </line>
    <line>
      <![CDATA[<div class='FINER'>Property(java.endorsed.dirs)= /usr/lib/jvm/java-1.7.0-openjdk-1.7.0.9.x86_64/jre/lib/endorsed</div>]]>
    </line>
    <line>
      <![CDATA[<div class='FINER'>Property(java.ext.dirs)= /usr/lib/jvm/java-1.7.0-openjdk-1.7.0.9.x86_64/jre/lib/ext:/usr/java/packages/lib/ext</div>]]>
    </line>
    <line>
      <![CDATA[<div class='FINER'>Property(java.home)= /usr/lib/jvm/java-1.7.0-openjdk-1.7.0.9.x86_64/jre</div>]]>
    </line>
    <line>
      <![CDATA[<div class='FINER'>Property(java.io.tmpdir)= /tmp</div>]]>
    </line>
    <line>
      <![CDATA[<div class='FINER'>Property(java.library.path)= /usr/java/packages/lib/amd64:/usr/lib64:/lib64:/lib:/usr/lib</div>]]>
    </line>
    <line>
      <![CDATA[<div class='FINER'>Property(java.runtime.name)= OpenJDK Runtime Environment</div>]]>
    </line>
    <line>
      <![CDATA[<div class='FINER'>Property(java.runtime.version)= 1.7.0_09-icedtea-mockbuild_2013_03_05_04_44-b00</div>]]>
    </line>
    <line>
      <![CDATA[<div class='FINER'>Property(java.specification.name)= Java Platform API Specification</div>]]>
    </line>
    <line>
      <![CDATA[<div class='FINER'>Property(java.specification.vendor)= Oracle Corporation</div>]]>
    </line>
    <line>
      <![CDATA[<div class='FINER'>Property(java.specification.version)= 1.7</div>]]>
    </line>
    <line>
      <![CDATA[<div class='FINER'>Property(java.vendor)= Oracle Corporation</div>]]>
    </line>
    <line>
      <![CDATA[<div class='FINER'>Property(java.vendor.url)= <a href=http://java.oracle.com/>http://java.oracle.com/</a></div>]]>
    </line>
    <line>
      <![CDATA[<div class='FINER'>Property(java.vendor.url.bug)= <a href=http://bugreport.sun.com/bugreport/>http://bugreport.sun.com/bugreport/</a></div>]]>
    </line>
    <line>
      <![CDATA[<div class='FINER'>Property(java.version)= 1.7.0_09-icedtea</div>]]>
    </line>
    <line>
      <![CDATA[<div class='FINER'>Property(java.vm.info)= mixed mode</div>]]>
    </line>
    <line>
      <![CDATA[<div class='FINER'>Property(java.vm.name)= OpenJDK 64-Bit Server VM</div>]]>
    </line>
    <line>
      <![CDATA[<div class='FINER'>Property(java.vm.specification.name)= Java Virtual Machine Specification</div>]]>
    </line>
    <line>
      <![CDATA[<div class='FINER'>Property(java.vm.specification.vendor)= Oracle Corporation</div>]]>
    </line>
    <line>
      <![CDATA[<div class='FINER'>Property(java.vm.specification.version)= 1.7</div>]]>
    </line>
    <line>
      <![CDATA[<div class='FINER'>Property(java.vm.vendor)= Oracle Corporation</div>]]>
    </line>
    <line>
      <![CDATA[<div class='FINER'>Property(java.vm.version)= 23.7-b01</div>]]>
    </line>
    <line>
      <![CDATA[<div class='FINER'>Property(jna.boot.library.path)= /home/jenkins/workspace/katello-api-TCMS/native/jna/linux-amd64</div>]]>
    </line>
    <line>
      <![CDATA[<div class='FINER'>Property(jna.platform.library.path)= /usr/lib64:/lib64</div>]]>
    </line>
    <line>
      <![CDATA[<div class='FINER'>Property(katello.api.password)= ********</div>]]>
    </line>
    <line>
      <![CDATA[<div class='FINER'>Property(katello.api.user)= admin</div>]]>
    </line>
    <line>
      <![CDATA[<div class='FINER'>Property(katello.client.hostname)= cfseserver4.usersys.redhat.com</div>]]>
    </line>
    <line>
      <![CDATA[<div class='FINER'>Property(katello.client.sshkey.private)= .ssh/id_hudson_dsa</div>]]>
    </line>
    <line>
      <![CDATA[<div class='FINER'>Property(katello.engine)= katello</div>]]>
    </line>
    <line>
      <![CDATA[<div class='FINER'>Property(katello.product)= katello</div>]]>
    </line>
    <line>
      <![CDATA[<div class='FINER'>Property(katello.server.hostname)= cfseserver4.usersys.redhat.com</div>]]>
    </line>
    <line>
      <![CDATA[<div class='FINER'>Property(katello.server.port)= 443</div>]]>
    </line>
    <line>
      <![CDATA[<div class='FINER'>Property(katello.server.protocol)= https</div>]]>
    </line>
    <line>
      <![CDATA[<div class='FINER'>Property(katello.server.sshkey.private)= .ssh/id_hudson_dsa</div>]]>
    </line>
    <line>
      <![CDATA[<div class='FINER'>Property(line.separator)= <br/></div>]]>
    </line>
    <line>
      <![CDATA[<div class='FINER'>Property(org.gradle.appname)= gradle</div>]]>
    </line>
    <line>
      <![CDATA[<div class='FINER'>Property(org.uncommons.reportng.escape-output)= false</div>]]>
    </line>
    <line>
      <![CDATA[<div class='FINER'>Property(os.arch)= amd64</div>]]>
    </line>
    <line>
      <![CDATA[<div class='FINER'>Property(os.name)= Linux</div>]]>
    </line>
    <line>
      <![CDATA[<div class='FINER'>Property(os.version)= 2.6.32-358.2.1.el6.x86_64</div>]]>
    </line>
    <line>
      <![CDATA[<div class='FINER'>Property(path.separator)= :</div>]]>
    </line>
    <line>
      <![CDATA[<div class='FINER'>Property(sun.arch.data.model)= 64</div>]]>
    </line>
    <line>
      <![CDATA[<div class='FINER'>Property(sun.boot.class.path)= /usr/lib/jvm/java-1.7.0-openjdk-1.7.0.9.x86_64/jre/lib/resources.jar:/usr/lib/jvm/java-1.7.0-openjdk-1.7.0.9.x86_64/jre/lib/rt.jar:/usr/lib/jvm/java-1.7.0-openjdk-1.7.0.9.x86_64/jre/lib/sunrsasign.jar:/usr/lib/jvm/java-1.7.0-openjdk-1.7.0.9.x86_64/jre/lib/jsse.jar:/usr/lib/jvm/java-1.7.0-openjdk-1.7.0.9.x86_64/jre/lib/jce.jar:/usr/lib/jvm/java-1.7.0-openjdk-1.7.0.9.x86_64/jre/lib/charsets.jar:/usr/lib/jvm/java-1.7.0-openjdk-1.7.0.9.x86_64/jre/lib/netx.jar:/usr/lib/jvm/java-1.7.0-openjdk-1.7.0.9.x86_64/jre/lib/plugin.jar:/usr/lib/jvm/java-1.7.0-openjdk-1.7.0.9.x86_64/jre/lib/rhino.jar:/usr/lib/jvm/java-1.7.0-openjdk-1.7.0.9.x86_64/jre/lib/jfr.jar:/usr/lib/jvm/java-1.7.0-openjdk-1.7.0.9.x86_64/jre/classes</div>]]>
    </line>
    <line>
      <![CDATA[<div class='FINER'>Property(sun.boot.library.path)= /usr/lib/jvm/java-1.7.0-openjdk-1.7.0.9.x86_64/jre/lib/amd64:/usr/lib/jvm/java-1.7.0-openjdk-1.7.0.9.x86_64/jre/lib/amd64</div>]]>
    </line>
    <line>
      <![CDATA[<div class='FINER'>Property(sun.cpu.endian)= little</div>]]>
    </line>
    <line>
      <![CDATA[<div class='FINER'>Property(sun.cpu.isalist)= </div>]]>
    </line>
    <line>
      <![CDATA[<div class='FINER'>Property(sun.io.unicode.encoding)= UnicodeLittle</div>]]>
    </line>
    <line>
      <![CDATA[<div class='FINER'>Property(sun.java.command)= org.testng.TestNG -d /home/jenkins/workspace/katello-api-TCMS/test-output testng-suites/katello-tests.xml -listener com.redhat.qe.auto.testng.TestNGListener,org.uncommons.reportng.HTMLReporter,org.uncommons.reportng.JUnitXMLReporter,org.testng.reporters.XMLReporter -configfailurepolicy continue -testnames CLI_Tests -excludegroups openldap,sam-upgrade,cfse-ignore,foreman -groups Errata</div>]]>
    </line>
    <line>
      <![CDATA[<div class='FINER'>Property(sun.java.launcher)= SUN_STANDARD</div>]]>
    </line>
    <line>
      <![CDATA[<div class='FINER'>Property(sun.jnu.encoding)= UTF-8</div>]]>
    </line>
    <line>
      <![CDATA[<div class='FINER'>Property(sun.management.compiler)= HotSpot 64-Bit Tiered Compilers</div>]]>
    </line>
    <line>
      <![CDATA[<div class='FINER'>Property(sun.os.patch.level)= unknown</div>]]>
    </line>
    <line>
      <![CDATA[<div class='FINER'>Property(testng.groups)= Errata</div>]]>
    </line>
    <line>
      <![CDATA[<div class='FINER'>Property(testng.project.dir)= /home/jenkins/workspace/katello-api-TCMS</div>]]>
    </line>
    <line>
      <![CDATA[<div class='FINER'>Property(testng.testnames)= CLI_Tests</div>]]>
    </line>
    <line>
      <![CDATA[<div class='FINER'>Property(user.country)= US</div>]]>
    </line>
    <line>
      <![CDATA[<div class='FINER'>Property(user.dir)= /home/jenkins/workspace/katello-api-TCMS</div>]]>
    </line>
    <line>
      <![CDATA[<div class='FINER'>Property(user.home)= /home/jenkins</div>]]>
    </line>
    <line>
      <![CDATA[<div class='FINER'>Property(user.language)= en</div>]]>
    </line>
    <line>
      <![CDATA[<div class='FINER'>Property(user.name)= jenkins</div>]]>
    </line>
    <line>
      <![CDATA[<div class='FINER'>Property(user.timezone)= US/Eastern</div>]]>
    </line>
    <line>
      <![CDATA[<div class='FINER'>Property(workspace.dir)= /home/jenkins/workspace/katello-api-TCMS</div>]]>
    </line>
    <line>
      <![CDATA[<div class='FINE'>Generating unique ID: [1369367620]</div>]]>
    </line>
    <line>
      <![CDATA[<div class='FINE'>Generating unique ID: [1369367621]</div>]]>
    </line>
    <line>
      <![CDATA[<div class='FINE'>Generating unique ID: [1369367622]</div>]]>
    </line>
    <line>
      <![CDATA[<div class='FINE'>Generating unique ID: [1369367623]</div>]]>
    </line>
    <line>
      <![CDATA[<div class='FINE'>Generating unique ID: [1369367624]</div>]]>
    </line>
    <line>
      <![CDATA[<div class='INFO banner'>Starting TestNG Suite:CFSE Test Suite</div>]]>
    </line>
    <line>
      <![CDATA[<div class='INFO banner'>Starting TestNG Suite:CFSE Test Suite</div>]]>
    </line>
    <line>
      <![CDATA[<div class='INFO'>Disabling yum repos: [*beaker*]</div>]]>
    </line>
    <line>
      <![CDATA[<div class='FINE'>ssh root@cfseserver4.usersys.redhat.com sed -i "s/^enabled=.*/enabled=0/" /etc/yum.repos.d/*beaker*</div>]]>
    </line>
    <line>
      <![CDATA[<div class='FINE'>Stdout: </div>]]>
    </line>
    <line>
      <![CDATA[<div class='FINE'>Stderr: </div>]]>
    </line>
    <line>
      <![CDATA[<div class='FINE'>ExitCode: 0</div>]]>
    </line>
    <line>
      <![CDATA[<div class='INFO'>Disabling yum repos: [*epel*]</div>]]>
    </line>
    <line>
      <![CDATA[<div class='FINE'>ssh root@cfseserver4.usersys.redhat.com sed -i "s/^enabled=.*/enabled=0/" /etc/yum.repos.d/*epel*</div>]]>
    </line>
    <line>
      <![CDATA[<div class='FINE'>Stdout: </div>]]>
    </line>
    <line>
      <![CDATA[<div class='FINE'>Stderr: </div>]]>
    </line>
    <line>
      <![CDATA[<div class='FINE'>ExitCode: 0</div>]]>
    </line>
    <line>
      <![CDATA[<div class='FINE banner'>Configuration completed: com.redhat.qe.katello.tests.cli.SetupServers.setUp</div>]]>
    </line>
    <line>
      <![CDATA[<div class='INFO banner'>Starting TestNG Script: CLI_Tests</div>]]>
    </line>
    <line>
      <![CDATA[<div class='FINE'>Generating unique ID: [1369367628]</div>]]>
    </line>
    <line>
      <![CDATA[<div class='FINE'>ssh root@cfseserver4.usersys.redhat.com export LANG=en_US && katello --username "admin" --password "admin" org create --name "org1369367628" --description "Package tests"</div>]]>
    </line>
    <line>
      <![CDATA[<div class='FINE'>Stdout: Successfully created org [ org1369367628 ]<br/></div>]]>
    </line>
    <line>
      <![CDATA[<div class='FINE'>Stderr: </div>]]>
    </line>
    <line>
      <![CDATA[<div class='FINE'>ExitCode: 0</div>]]>
    </line>
    <line>
      <![CDATA[<div class='INFO ASSERT'>Asserted: Check - return code</div>]]>
    </line>
    <line>
      <![CDATA[<div class='FINE'>ssh root@cfseserver4.usersys.redhat.com export LANG=en_US && katello --username "admin" --password "admin" provider create --org "org1369367628" --name "provider1369367628" --description "Package provider"</div>]]>
    </line>
    <line>
      <![CDATA[<div class='FINE'>Stdout: Successfully created provider [ provider1369367628 ]<br/></div>]]>
    </line>
    <line>
      <![CDATA[<div class='FINE'>Stderr: </div>]]>
    </line>
    <line>
      <![CDATA[<div class='FINE'>ExitCode: 0</div>]]>
    </line>
    <line>
      <![CDATA[<div class='INFO ASSERT'>Asserted: Check - return code</div>]]>
    </line>
    <line>
      <![CDATA[<div class='FINE'>ssh root@cfseserver4.usersys.redhat.com export LANG=en_US && katello --username "admin" --password "admin" product create --org "org1369367628" --name "product1369367628" --provider "provider1369367628"</div>]]>
    </line>
    <line>
      <![CDATA[<div class='FINE'>Stdout: Successfully created product [ product1369367628 ]<br/></div>]]>
    </line>
    <line>
      <![CDATA[<div class='FINE'>Stderr: </div>]]>
    </line>
    <line>
      <![CDATA[<div class='FINE'>ExitCode: 0</div>]]>
    </line>
    <line>
      <![CDATA[<div class='INFO ASSERT'>Asserted: Check - return code</div>]]>
    </line>
    <line>
      <![CDATA[<div class='FINE'>ssh root@cfseserver4.usersys.redhat.com export LANG=en_US && katello --username "admin" --password "admin" product list -v --org "org1369367628" --provider "provider1369367628"</div>]]>
    </line>
    <line>
      <![CDATA[<div class='FINE'>Stdout: <br/>--------------------------------------------------------------------------------<br/>                Product List For Provider [ provider1369367628 ]<br/>--------------------------------------------------------------------------------<br/><br/>ID             : 1369385631174<br/>Name           : product1369367628<br/>Label          : product1369367628<br/>Provider ID    : 123<br/>Provider Name  : provider1369367628<br/>Sync Plan Name : None<br/>Last Sync      : never<br/>GPG key        : <br/><br/></div>]]>
    </line>
    <line>
      <![CDATA[<div class='FINE'>Stderr: </div>]]>
    </line>
    <line>
      <![CDATA[<div class='FINE'>ExitCode: 0</div>]]>
    </line>
    <line>
      <![CDATA[<div class='FINE'>ssh root@cfseserver4.usersys.redhat.com export LANG=en_US && katello --username "admin" --password "admin" repo create --org "org1369367628" --name "repo1369367628" --product "product1369367628" --url "<a href=http://inecas.fedorapeople.org/fakerepos/zoo3/>http://inecas.fedorapeople.org/fakerepos/zoo3/</a>"</div>]]>
    </line>
    <line>
      <![CDATA[<div class='FINE'>Stdout: Successfully created repository [ repo1369367628 ]<br/></div>]]>
    </line>
    <line>
      <![CDATA[<div class='FINE'>Stderr: </div>]]>
    </line>
    <line>
      <![CDATA[<div class='FINE'>ExitCode: 0</div>]]>
    </line>
    <line>
      <![CDATA[<div class='INFO ASSERT'>Asserted: Check - return code</div>]]>
    </line>
    <line>
      <![CDATA[<div class='FINE'>ssh root@cfseserver4.usersys.redhat.com export LANG=en_US && katello --username "admin" --password "admin" environment create --org "org1369367628" --name "env1369367628" --prior "Library"</div>]]>
    </line>
    <line>
      <![CDATA[<div class='FINE'>Stdout: Successfully created environment [ env1369367628 ]<br/></div>]]>
    </line>
    <line>
      <![CDATA[<div class='FINE'>Stderr: </div>]]>
    </line>
    <line>
      <![CDATA[<div class='FINE'>ExitCode: 0</div>]]>
    </line>
    <line>
      <![CDATA[<div class='INFO ASSERT'>Asserted: Check - return code</div>]]>
    </line>
    <line>
      <![CDATA[<div class='FINE'>ssh root@cfseserver4.usersys.redhat.com export LANG=en_US && katello --username "admin" --password "admin" provider synchronize --org "org1369367628" --name "provider1369367628"</div>]]>
    </line>
    <line>
      <![CDATA[<div class='FINE'>Stdout: <br/><br/>Progress: [                                                  ] 0.0%<br/>Progress: [##################################################] 100.0%<br/>Progress: [##################################################] 100.0%<br/>                                                                      <br/>Provider [ provider1369367628 ] synchronized<br/></div>]]>
    </line>
    <line>
      <![CDATA[<div class='FINE'>Stderr: </div>]]>
    </line>
    <line>
      <![CDATA[<div class='FINE'>ExitCode: 0</div>]]>
    </line>
    <line>
      <![CDATA[<div class='FINE'>Generating unique ID: [1369367639]</div>]]>
    </line>
    <line>
      <![CDATA[<div class='FINE'>ssh root@cfseserver4.usersys.redhat.com export LANG=en_US && katello --username "admin" --password "admin" content definition create --name "content_definition1369367639" --org "org1369367628"</div>]]>
    </line>
    <line>
      <![CDATA[<div class='FINE'>Stdout: Successfully created content view definition [ content_definition1369367639 ]<br/></div>]]>
    </line>
    <line>
      <![CDATA[<div class='FINE'>Stderr: </div>]]>
    </line>
    <line>
      <![CDATA[<div class='FINE'>ExitCode: 0</div>]]>
    </line>
    <line>
      <![CDATA[<div class='INFO ASSERT'>Asserted: Check - return code</div>]]>
    </line>
    <line>
      <![CDATA[<div class='FINE'>ssh root@cfseserver4.usersys.redhat.com export LANG=en_US && katello --username "admin" --password "admin" content definition add_repo --name "content_definition1369367639" --org "org1369367628" --product "product1369367628" --repo "repo1369367628"</div>]]>
    </line>
    <line>
      <![CDATA[<div class='FINE'>Stdout: Added repository [ repo1369367628 ] to definition [ content_definition1369367639 ]<br/></div>]]>
    </line>
    <line>
      <![CDATA[<div class='FINE'>Stderr: </div>]]>
    </line>
    <line>
      <![CDATA[<div class='FINE'>ExitCode: 0</div>]]>
    </line>
    <line>
      <![CDATA[<div class='INFO ASSERT'>Asserted: Check - return code</div>]]>
    </line>
    <line>
      <![CDATA[<div class='FINE'>ssh root@cfseserver4.usersys.redhat.com export LANG=en_US && katello --username "admin" --password "admin" content definition publish --name "content_definition1369367639" --org "org1369367628" --view_name "pubview1369367639" --view_label "pubview1369367639" --description "Publish Content"</div>]]>
    </line>
    <line>
      <![CDATA[<div class='FINE'>Stdout: Publishing content view, please wait...[/][3D[-][3D[\][3D[|][3D[/][3D[-][3D[\][3D[|][3D[/][3D[-][3D[\][3D[|][3D[/][3D[-][3D[\][3D[|][3D[/][3D[-][3D[\][3D[|][3D[/][3D[-][3D[\][3D[|][3D[/][3D[-][3D[\][3D[|][3D[/][3D[-][3D[\][3D[|][3D[/][3D[-][3D[\][3D[|][3D[/][3D[-][3D[\][3D[|][3D[/][3D[-][3D[\][3D[|][3D[/][3D[-][3D[\][3D[|][3D[/][3D[-][3D[\][3D[|][3D[/][3D[-][3D[\][3D[|][3D[/][3D[-][3D[\][3D[|][3D[/][3D[-][3D[\][3D[|][3D   [3D[39D                                       [39DContent view [ pubview1369367639 ] published successfully.<br/></div>]]>
    </line>
    <line>
      <![CDATA[<div class='FINE'>Stderr: </div>]]>
    </line>
    <line>
      <![CDATA[<div class='FINE'>ExitCode: 0</div>]]>
    </line>
    <line>
      <![CDATA[<div class='INFO ASSERT'>Asserted: Check - return code</div>]]>
    </line>
    <line>
      <![CDATA[<div class='FINE'>Generating unique ID: [1369367649]</div>]]>
    </line>
    <line>
      <![CDATA[<div class='FINE'>ssh root@cfseserver4.usersys.redhat.com export LANG=en_US && katello --username "admin" --password "admin" changeset create --org "org1369367628" --name "changeset1369367649" --environment "env1369367628"</div>]]>
    </line>
    <line>
      <![CDATA[<div class='FINE'>Stdout: Successfully created changeset [ changeset1369367649 ] for environment [ env1369367628 ]<br/></div>]]>
    </line>
    <line>
      <![CDATA[<div class='FINE'>Stderr: </div>]]>
    </line>
    <line>
      <![CDATA[<div class='FINE'>ExitCode: 0</div>]]>
    </line>
    <line>
      <![CDATA[<div class='INFO ASSERT'>Asserted: Check - return code</div>]]>
    </line>
    <line>
      <![CDATA[<div class='FINE'>ssh root@cfseserver4.usersys.redhat.com export LANG=en_US && katello --username "admin" --password "admin" changeset update --add_content_view "pubview1369367639" --org "org1369367628" --name "changeset1369367649" --environment "env1369367628"</div>]]>
    </line>
    <line>
      <![CDATA[<div class='FINE'>Stdout: Successfully updated changeset [ changeset1369367649 ]<br/></div>]]>
    </line>
    <line>
      <![CDATA[<div class='FINE'>Stderr: </div>]]>
    </line>
    <line>
      <![CDATA[<div class='FINE'>ExitCode: 0</div>]]>
    </line>
    <line>
      <![CDATA[<div class='INFO ASSERT'>Asserted: Check - return code</div>]]>
    </line>
    <line>
      <![CDATA[<div class='FINE'>ssh root@cfseserver4.usersys.redhat.com export LANG=en_US && katello --username "admin" --password "admin" changeset apply --org "org1369367628" --name "changeset1369367649" --environment "env1369367628"</div>]]>
    </line>
    <line>
      <![CDATA[<div class='FINE'>Stdout: Applying the changeset, please wait... [/][3D[-][3D[\][3D[|][3D[/][3D[-][3D[\][3D[|][3D[/][3D[-][3D[\][3D[|][3D[/][3D[-][3D[\][3D[|][3D[/][3D[-][3D[\][3D[|][3D[/][3D[-][3D[\][3D[|][3D[/][3D[-][3D[\][3D[|][3D[/][3D[-][3D[\][3D[|][3D[/][3D[-][3D[\][3D[|][3D[/][3D[-][3D[\][3D[|][3D[/][3D[-][3D[\][3D[|][3D[/][3D[-][3D[\][3D[|][3D[/][3D[-][3D[\][3D[|][3D[/][3D[-][3D[\][3D[|][3D[/][3D[-][3D[\][3D[|][3D[/][3D[-][3D[\][3D[|][3D[/][3D[-][3D[\][3D[|][3D[/][3D[-][3D[\][3D[|][3D[/][3D[-][3D[\][3D[|][3D[/][3D[-][3D[\][3D[|][3D[/][3D[-][3D[\][3D[|][3D[/][3D[-][3D[\][3D[|][3D[/][3D[-][3D[\][3D[|][3D[/][3D[-][3D[\][3D[|][3D[/][3D[-][3D[\][3D[|][3D[/][3D[-][3D[\][3D[|][3D[/][3D[-][3D[\][3D[|][3D[/][3D[-][3D[\][3D[|][3D[/][3D[-][3D[\][3D[|][3D[/][3D[-][3D[\][3D[|][3D[/][3D[-][3D[\][3D[|][3D[/][3D[-][3D[\][3D[|][3D[/][3D[-][3D[\][3D[|][3D[/][3D[-][3D[\][3D[|][3D[/][3D[-][3D[\][3D[|][3D[/][3D[-][3D[\][3D[|][3D[/][3D[-][3D[\][3D[|][3D[/][3D[-][3D[\][3D[|][3D[/][3D[-][3D[\][3D[|][3D[/][3D[-][3D[\][3D[|][3D[/][3D[-][3D[\][3D[|][3D[/][3D[-][3D[\][3D[|][3D[/][3D[-][3D[\][3D[|][3D[/][3D[-][3D[\][3D[|][3D[/][3D[-][3D[\][3D[|][3D[/][3D[-][3D[\][3D[|][3D[/][3D[-][3D[\][3D[|][3D[/][3D[-][3D[\][3D[|][3D[/][3D[-][3D[\][3D[|][3D[/][3D[-][3D[\][3D[|][3D[/][3D[-][3D[\][3D[|][3D[/][3D[-][3D[\][3D[|][3D[/][3D[-][3D[\][3D[|][3D[/][3D[-][3D[\][3D[|][3D[/][3D[-][3D[\][3D[|][3D[/][3D[-][3D[\][3D[|][3D[/][3D[-][3D[\][3D[|][3D[/][3D[-][3D[\][3D[|][3D[/][3D[-][3D[\][3D[|][3D[/][3D[-][3D[\][3D[|][3D[/][3D[-][3D[\][3D[|][3D[/][3D[-][3D[\][3D[|][3D[/][3D[-][3D[\][3D[|][3D[/][3D   [3D[39D                                       [39DChangeset [ changeset1369367649 ] applied<br/></div>]]>
    </line>
    <line>
      <![CDATA[<div class='FINE'>Stderr: </div>]]>
    </line>
    <line>
      <![CDATA[<div class='FINE'>ExitCode: 0</div>]]>
    </line>
    <line>
      <![CDATA[<div class='INFO ASSERT'>Asserted: Check - return code</div>]]>
    </line>
    <line>
      <![CDATA[<div class='FINE banner'>Configuration completed: com.redhat.qe.katello.tests.cli.ErrataTests.setUp</div>]]>
    </line>
    <line>
      <![CDATA[<div class='INFO banner startTest'>Starting Test: test_errataInfo</div>]]>
    </line>
    <line>
      <![CDATA[<div class='FINE'>ssh root@cfseserver4.usersys.redhat.com export LANG=en_US && katello --username "admin" --password "admin" errata info --id "RHEA-2012:0002" --org "org1369367628" --product_id "1369385631174" --repo "repo1369367628" --content_view "pubview1369367639"</div>]]>
    </line>
    <line>
      <![CDATA[<div class='FINE'>Stdout: <br/>--------------------------------------------------------------------------------<br/>                               Errata Information<br/>--------------------------------------------------------------------------------<br/><br/>ID                : RHEA-2012:0002<br/>Title             : Sea_Erratum<br/>Description:<br/>    Sea_Erratum<br/>Type              : security<br/>Issued            : 2012-02-29 11:01:10<br/>Updated           : <br/>Version           : 1<br/>Release           : 1<br/>Status            : stable<br/>Reboot Suggested  : False<br/>Affected Packages:<br/>    walrus-5.21-1.noarch.rpm<br/>    penguin-0.9.1-1.noarch.rpm<br/>    shark-0.1-1.noarch.rpm<br/><br/></div>]]>
    </line>
    <line>
      <![CDATA[<div class='FINE'>Stderr: </div>]]>
    </line>
    <line>
      <![CDATA[<div class='FINE'>ExitCode: 0</div>]]>
    </line>
    <line>
      <![CDATA[<div class='INFO ASSERT'>Asserted: Check - return code (errata info)</div>]]>
    </line>
    <line>
      <![CDATA[<div class='INFO ASSERT'>Asserted: Check - errata info output</div>]]>
    </line>
    <line>
      <![CDATA[<div class='INFO banner'>Test Passed: test_errataInfo</div>]]>
    </line>
    <line>
      <![CDATA[<div class='INFO banner startTest'>Starting Test: test_errataList</div>]]>
    </line>
    <line>
      <![CDATA[<div class='FINE'>ssh root@cfseserver4.usersys.redhat.com export LANG=en_US && katello --username "admin" --password "admin" errata list --org "org1369367628" --product_id "1369385631174" --repo "repo1369367628" --content_view "pubview1369367639"</div>]]>
    </line>
    <line>
      <![CDATA[<div class='FINE'>Stdout: <br/>--------------------------------------------------------------------------------<br/>                                  Errata List<br/><br/>ID             Title           Type     <br/>--------------------------------------------------------------------------------<br/>RHEA-2012:0001 Bear_Erratum    security <br/>RHEA-2012:0002 Sea_Erratum     security <br/>RHEA-2012:0003 Bird_Erratum    security <br/>RHEA-2012:0004 Gorilla_Erratum security <br/></div>]]>
    </line>
    <line>
      <![CDATA[<div class='FINE'>Stderr: </div>]]>
    </line>
    <line>
      <![CDATA[<div class='FINE'>ExitCode: 0</div>]]>
    </line>
    <line>
      <![CDATA[<div class='INFO ASSERT'>Asserted: Check - return code (errata list)</div>]]>
    </line>
    <line>
      <![CDATA[<div class='INFO ASSERT'>Asserted: Check - errata list output</div>]]>
    </line>
    <line>
      <![CDATA[<div class='INFO banner'>Test Passed: test_errataList</div>]]>
    </line>
    <line>
      <![CDATA[<div class='INFO banner'>Finished TestNG Script: CLI_Tests</div>]]>
    </line>
    <line>
      <![CDATA[<div class='INFO'>Enabling back yum repos: [*beaker*]</div>]]>
    </line>
    <line>
      <![CDATA[<div class='FINE'>ssh root@cfseserver4.usersys.redhat.com sed -i "s/^enabled=.*/enabled=1/" /etc/yum.repos.d/*beaker*</div>]]>
    </line>
    <line>
      <![CDATA[<div class='FINE'>Stdout: </div>]]>
    </line>
    <line>
      <![CDATA[<div class='FINE'>Stderr: </div>]]>
    </line>
    <line>
      <![CDATA[<div class='FINE'>ExitCode: 0</div>]]>
    </line>
    <line>
      <![CDATA[<div class='INFO'>Enabling back yum repos: [*epel*]</div>]]>
    </line>
    <line>
      <![CDATA[<div class='FINE'>ssh root@cfseserver4.usersys.redhat.com sed -i "s/^enabled=.*/enabled=1/" /etc/yum.repos.d/*epel*</div>]]>
    </line>
    <line>
      <![CDATA[<div class='FINE'>Stdout: </div>]]>
    </line>
    <line>
      <![CDATA[<div class='FINE'>Stderr: </div>]]>
    </line>
    <line>
      <![CDATA[<div class='FINE'>ExitCode: 0</div>]]>
    </line>
    <line>
      <![CDATA[<div class='FINE banner'>Configuration completed: com.redhat.qe.katello.tests.cli.SetupServers.tearDown</div>]]>
    </line>
    <line>
      <![CDATA[<div class='INFO banner'>Finishing TestNG Suite:CFSE Test Suite</div>]]>
    </line>
    <line>
      <![CDATA[<div class='INFO banner'>Finishing TestNG Suite:CFSE Test Suite</div>]]>
    </line>
  </reporter-output>
  <suite name="CFSE Test Suite" duration-ms="51310" started-at="2013-05-24T03:53:47Z" finished-at="2013-05-24T03:54:38Z">
    <groups>
      <group name="cfse-cli">
        <method signature="ErrataTests.test_errataInfo()[pri:0, instance:com.redhat.qe.katello.tests.cli.ErrataTests@62bbb074]" name="test_errataInfo" class="com.redhat.qe.katello.tests.cli.ErrataTests"/>
        <method signature="ErrataTests.test_errataList()[pri:0, instance:com.redhat.qe.katello.tests.cli.ErrataTests@62bbb074]" name="test_errataList" class="com.redhat.qe.katello.tests.cli.ErrataTests"/>
      </group> <!-- cfse-cli -->
      <group name="Errata">
        <method signature="ErrataTests.test_errataInfo()[pri:0, instance:com.redhat.qe.katello.tests.cli.ErrataTests@62bbb074]" name="test_errataInfo" class="com.redhat.qe.katello.tests.cli.ErrataTests"/>
        <method signature="ErrataTests.test_errataList()[pri:0, instance:com.redhat.qe.katello.tests.cli.ErrataTests@62bbb074]" name="test_errataList" class="com.redhat.qe.katello.tests.cli.ErrataTests"/>
      </group> <!-- Errata -->
    </groups>
    <test name="CLI_Tests" duration-ms="51310" started-at="2013-05-24T03:53:47Z" finished-at="2013-05-24T03:54:38Z">
      <class name="com.redhat.qe.katello.tests.cli.ErrataTests">
        <test-method status="PASS" signature="setUp()[pri:0, instance:com.redhat.qe.katello.tests.cli.ErrataTests@62bbb074]" name="setUp" is-config="true" duration-ms="49165" started-at="2013-05-23T23:53:47Z" description="Generate unique objects" finished-at="2013-05-23T23:54:36Z">
          <reporter-output>
            <line>
              <![CDATA[<div class='FINE'>Generating unique ID: [1369367628]</div>]]>
            </line>
            <line>
              <![CDATA[<div class='FINE'>ssh root@cfseserver4.usersys.redhat.com export LANG=en_US && katello --username "admin" --password "admin" org create --name "org1369367628" --description "Package tests"</div>]]>
            </line>
            <line>
              <![CDATA[<div class='FINE'>Stdout: Successfully created org [ org1369367628 ]<br/></div>]]>
            </line>
            <line>
              <![CDATA[<div class='FINE'>Stderr: </div>]]>
            </line>
            <line>
              <![CDATA[<div class='FINE'>ExitCode: 0</div>]]>
            </line>
            <line>
              <![CDATA[<div class='INFO ASSERT'>Asserted: Check - return code</div>]]>
            </line>
            <line>
              <![CDATA[<div class='FINE'>ssh root@cfseserver4.usersys.redhat.com export LANG=en_US && katello --username "admin" --password "admin" provider create --org "org1369367628" --name "provider1369367628" --description "Package provider"</div>]]>
            </line>
            <line>
              <![CDATA[<div class='FINE'>Stdout: Successfully created provider [ provider1369367628 ]<br/></div>]]>
            </line>
            <line>
              <![CDATA[<div class='FINE'>Stderr: </div>]]>
            </line>
            <line>
              <![CDATA[<div class='FINE'>ExitCode: 0</div>]]>
            </line>
            <line>
              <![CDATA[<div class='INFO ASSERT'>Asserted: Check - return code</div>]]>
            </line>
            <line>
              <![CDATA[<div class='FINE'>ssh root@cfseserver4.usersys.redhat.com export LANG=en_US && katello --username "admin" --password "admin" product create --org "org1369367628" --name "product1369367628" --provider "provider1369367628"</div>]]>
            </line>
            <line>
              <![CDATA[<div class='FINE'>Stdout: Successfully created product [ product1369367628 ]<br/></div>]]>
            </line>
            <line>
              <![CDATA[<div class='FINE'>Stderr: </div>]]>
            </line>
            <line>
              <![CDATA[<div class='FINE'>ExitCode: 0</div>]]>
            </line>
            <line>
              <![CDATA[<div class='INFO ASSERT'>Asserted: Check - return code</div>]]>
            </line>
            <line>
              <![CDATA[<div class='FINE'>ssh root@cfseserver4.usersys.redhat.com export LANG=en_US && katello --username "admin" --password "admin" product list -v --org "org1369367628" --provider "provider1369367628"</div>]]>
            </line>
            <line>
              <![CDATA[<div class='FINE'>Stdout: <br/>--------------------------------------------------------------------------------<br/>                Product List For Provider [ provider1369367628 ]<br/>--------------------------------------------------------------------------------<br/><br/>ID             : 1369385631174<br/>Name           : product1369367628<br/>Label          : product1369367628<br/>Provider ID    : 123<br/>Provider Name  : provider1369367628<br/>Sync Plan Name : None<br/>Last Sync      : never<br/>GPG key        : <br/><br/></div>]]>
            </line>
            <line>
              <![CDATA[<div class='FINE'>Stderr: </div>]]>
            </line>
            <line>
              <![CDATA[<div class='FINE'>ExitCode: 0</div>]]>
            </line>
            <line>
              <![CDATA[<div class='FINE'>ssh root@cfseserver4.usersys.redhat.com export LANG=en_US && katello --username "admin" --password "admin" repo create --org "org1369367628" --name "repo1369367628" --product "product1369367628" --url "<a href=http://inecas.fedorapeople.org/fakerepos/zoo3/>http://inecas.fedorapeople.org/fakerepos/zoo3/</a>"</div>]]>
            </line>
            <line>
              <![CDATA[<div class='FINE'>Stdout: Successfully created repository [ repo1369367628 ]<br/></div>]]>
            </line>
            <line>
              <![CDATA[<div class='FINE'>Stderr: </div>]]>
            </line>
            <line>
              <![CDATA[<div class='FINE'>ExitCode: 0</div>]]>
            </line>
            <line>
              <![CDATA[<div class='INFO ASSERT'>Asserted: Check - return code</div>]]>
            </line>
            <line>
              <![CDATA[<div class='FINE'>ssh root@cfseserver4.usersys.redhat.com export LANG=en_US && katello --username "admin" --password "admin" environment create --org "org1369367628" --name "env1369367628" --prior "Library"</div>]]>
            </line>
            <line>
              <![CDATA[<div class='FINE'>Stdout: Successfully created environment [ env1369367628 ]<br/></div>]]>
            </line>
            <line>
              <![CDATA[<div class='FINE'>Stderr: </div>]]>
            </line>
            <line>
              <![CDATA[<div class='FINE'>ExitCode: 0</div>]]>
            </line>
            <line>
              <![CDATA[<div class='INFO ASSERT'>Asserted: Check - return code</div>]]>
            </line>
            <line>
              <![CDATA[<div class='FINE'>ssh root@cfseserver4.usersys.redhat.com export LANG=en_US && katello --username "admin" --password "admin" provider synchronize --org "org1369367628" --name "provider1369367628"</div>]]>
            </line>
            <line>
              <![CDATA[<div class='FINE'>Stdout: <br/><br/>Progress: [                                                  ] 0.0%<br/>Progress: [##################################################] 100.0%<br/>Progress: [##################################################] 100.0%<br/>                                                                      <br/>Provider [ provider1369367628 ] synchronized<br/></div>]]>
            </line>
            <line>
              <![CDATA[<div class='FINE'>Stderr: </div>]]>
            </line>
            <line>
              <![CDATA[<div class='FINE'>ExitCode: 0</div>]]>
            </line>
            <line>
              <![CDATA[<div class='FINE'>Generating unique ID: [1369367639]</div>]]>
            </line>
            <line>
              <![CDATA[<div class='FINE'>ssh root@cfseserver4.usersys.redhat.com export LANG=en_US && katello --username "admin" --password "admin" content definition create --name "content_definition1369367639" --org "org1369367628"</div>]]>
            </line>
            <line>
              <![CDATA[<div class='FINE'>Stdout: Successfully created content view definition [ content_definition1369367639 ]<br/></div>]]>
            </line>
            <line>
              <![CDATA[<div class='FINE'>Stderr: </div>]]>
            </line>
            <line>
              <![CDATA[<div class='FINE'>ExitCode: 0</div>]]>
            </line>
            <line>
              <![CDATA[<div class='INFO ASSERT'>Asserted: Check - return code</div>]]>
            </line>
            <line>
              <![CDATA[<div class='FINE'>ssh root@cfseserver4.usersys.redhat.com export LANG=en_US && katello --username "admin" --password "admin" content definition add_repo --name "content_definition1369367639" --org "org1369367628" --product "product1369367628" --repo "repo1369367628"</div>]]>
            </line>
            <line>
              <![CDATA[<div class='FINE'>Stdout: Added repository [ repo1369367628 ] to definition [ content_definition1369367639 ]<br/></div>]]>
            </line>
            <line>
              <![CDATA[<div class='FINE'>Stderr: </div>]]>
            </line>
            <line>
              <![CDATA[<div class='FINE'>ExitCode: 0</div>]]>
            </line>
            <line>
              <![CDATA[<div class='INFO ASSERT'>Asserted: Check - return code</div>]]>
            </line>
            <line>
              <![CDATA[<div class='FINE'>ssh root@cfseserver4.usersys.redhat.com export LANG=en_US && katello --username "admin" --password "admin" content definition publish --name "content_definition1369367639" --org "org1369367628" --view_name "pubview1369367639" --view_label "pubview1369367639" --description "Publish Content"</div>]]>
            </line>
            <line>
              <![CDATA[<div class='FINE'>Stdout: Publishing content view, please wait...[/][3D[-][3D[\][3D[|][3D[/][3D[-][3D[\][3D[|][3D[/][3D[-][3D[\][3D[|][3D[/][3D[-][3D[\][3D[|][3D[/][3D[-][3D[\][3D[|][3D[/][3D[-][3D[\][3D[|][3D[/][3D[-][3D[\][3D[|][3D[/][3D[-][3D[\][3D[|][3D[/][3D[-][3D[\][3D[|][3D[/][3D[-][3D[\][3D[|][3D[/][3D[-][3D[\][3D[|][3D[/][3D[-][3D[\][3D[|][3D[/][3D[-][3D[\][3D[|][3D[/][3D[-][3D[\][3D[|][3D[/][3D[-][3D[\][3D[|][3D[/][3D[-][3D[\][3D[|][3D   [3D[39D                                       [39DContent view [ pubview1369367639 ] published successfully.<br/></div>]]>
            </line>
            <line>
              <![CDATA[<div class='FINE'>Stderr: </div>]]>
            </line>
            <line>
              <![CDATA[<div class='FINE'>ExitCode: 0</div>]]>
            </line>
            <line>
              <![CDATA[<div class='INFO ASSERT'>Asserted: Check - return code</div>]]>
            </line>
            <line>
              <![CDATA[<div class='FINE'>Generating unique ID: [1369367649]</div>]]>
            </line>
            <line>
              <![CDATA[<div class='FINE'>ssh root@cfseserver4.usersys.redhat.com export LANG=en_US && katello --username "admin" --password "admin" changeset create --org "org1369367628" --name "changeset1369367649" --environment "env1369367628"</div>]]>
            </line>
            <line>
              <![CDATA[<div class='FINE'>Stdout: Successfully created changeset [ changeset1369367649 ] for environment [ env1369367628 ]<br/></div>]]>
            </line>
            <line>
              <![CDATA[<div class='FINE'>Stderr: </div>]]>
            </line>
            <line>
              <![CDATA[<div class='FINE'>ExitCode: 0</div>]]>
            </line>
            <line>
              <![CDATA[<div class='INFO ASSERT'>Asserted: Check - return code</div>]]>
            </line>
            <line>
              <![CDATA[<div class='FINE'>ssh root@cfseserver4.usersys.redhat.com export LANG=en_US && katello --username "admin" --password "admin" changeset update --add_content_view "pubview1369367639" --org "org1369367628" --name "changeset1369367649" --environment "env1369367628"</div>]]>
            </line>
            <line>
              <![CDATA[<div class='FINE'>Stdout: Successfully updated changeset [ changeset1369367649 ]<br/></div>]]>
            </line>
            <line>
              <![CDATA[<div class='FINE'>Stderr: </div>]]>
            </line>
            <line>
              <![CDATA[<div class='FINE'>ExitCode: 0</div>]]>
            </line>
            <line>
              <![CDATA[<div class='INFO ASSERT'>Asserted: Check - return code</div>]]>
            </line>
            <line>
              <![CDATA[<div class='FINE'>ssh root@cfseserver4.usersys.redhat.com export LANG=en_US && katello --username "admin" --password "admin" changeset apply --org "org1369367628" --name "changeset1369367649" --environment "env1369367628"</div>]]>
            </line>
            <line>
              <![CDATA[<div class='FINE'>Stdout: Applying the changeset, please wait... [/][3D[-][3D[\][3D[|][3D[/][3D[-][3D[\][3D[|][3D[/][3D[-][3D[\][3D[|][3D[/][3D[-][3D[\][3D[|][3D[/][3D[-][3D[\][3D[|][3D[/][3D[-][3D[\][3D[|][3D[/][3D[-][3D[\][3D[|][3D[/][3D[-][3D[\][3D[|][3D[/][3D[-][3D[\][3D[|][3D[/][3D[-][3D[\][3D[|][3D[/][3D[-][3D[\][3D[|][3D[/][3D[-][3D[\][3D[|][3D[/][3D[-][3D[\][3D[|][3D[/][3D[-][3D[\][3D[|][3D[/][3D[-][3D[\][3D[|][3D[/][3D[-][3D[\][3D[|][3D[/][3D[-][3D[\][3D[|][3D[/][3D[-][3D[\][3D[|][3D[/][3D[-][3D[\][3D[|][3D[/][3D[-][3D[\][3D[|][3D[/][3D[-][3D[\][3D[|][3D[/][3D[-][3D[\][3D[|][3D[/][3D[-][3D[\][3D[|][3D[/][3D[-][3D[\][3D[|][3D[/][3D[-][3D[\][3D[|][3D[/][3D[-][3D[\][3D[|][3D[/][3D[-][3D[\][3D[|][3D[/][3D[-][3D[\][3D[|][3D[/][3D[-][3D[\][3D[|][3D[/][3D[-][3D[\][3D[|][3D[/][3D[-][3D[\][3D[|][3D[/][3D[-][3D[\][3D[|][3D[/][3D[-][3D[\][3D[|][3D[/][3D[-][3D[\][3D[|][3D[/][3D[-][3D[\][3D[|][3D[/][3D[-][3D[\][3D[|][3D[/][3D[-][3D[\][3D[|][3D[/][3D[-][3D[\][3D[|][3D[/][3D[-][3D[\][3D[|][3D[/][3D[-][3D[\][3D[|][3D[/][3D[-][3D[\][3D[|][3D[/][3D[-][3D[\][3D[|][3D[/][3D[-][3D[\][3D[|][3D[/][3D[-][3D[\][3D[|][3D[/][3D[-][3D[\][3D[|][3D[/][3D[-][3D[\][3D[|][3D[/][3D[-][3D[\][3D[|][3D[/][3D[-][3D[\][3D[|][3D[/][3D[-][3D[\][3D[|][3D[/][3D[-][3D[\][3D[|][3D[/][3D[-][3D[\][3D[|][3D[/][3D[-][3D[\][3D[|][3D[/][3D[-][3D[\][3D[|][3D[/][3D[-][3D[\][3D[|][3D[/][3D[-][3D[\][3D[|][3D[/][3D[-][3D[\][3D[|][3D[/][3D[-][3D[\][3D[|][3D[/][3D[-][3D[\][3D[|][3D[/][3D[-][3D[\][3D[|][3D[/][3D[-][3D[\][3D[|][3D[/][3D[-][3D[\][3D[|][3D[/][3D[-][3D[\][3D[|][3D[/][3D[-][3D[\][3D[|][3D[/][3D   [3D[39D                                       [39DChangeset [ changeset1369367649 ] applied<br/></div>]]>
            </line>
            <line>
              <![CDATA[<div class='FINE'>Stderr: </div>]]>
            </line>
            <line>
              <![CDATA[<div class='FINE'>ExitCode: 0</div>]]>
            </line>
            <line>
              <![CDATA[<div class='INFO ASSERT'>Asserted: Check - return code</div>]]>
            </line>
            <line>
              <![CDATA[<div class='FINE banner'>Configuration completed: com.redhat.qe.katello.tests.cli.ErrataTests.setUp</div>]]>
            </line>
          </reporter-output>
        </test-method> <!-- setUp -->
        <test-method status="PASS" signature="test_errataInfo()[pri:0, instance:com.redhat.qe.katello.tests.cli.ErrataTests@62bbb074]" name="test_errataInfo" duration-ms="1081" started-at="2013-05-23T23:54:36Z" description="2542ae61-8de6-40ce-866f-999c39fa9018" finished-at="2013-05-23T23:54:37Z">
          <reporter-output>
            <line>
              <![CDATA[<div class='INFO banner startTest'>Starting Test: test_errataInfo</div>]]>
            </line>
            <line>
              <![CDATA[<div class='FINE'>ssh root@cfseserver4.usersys.redhat.com export LANG=en_US && katello --username "admin" --password "admin" errata info --id "RHEA-2012:0002" --org "org1369367628" --product_id "1369385631174" --repo "repo1369367628" --content_view "pubview1369367639"</div>]]>
            </line>
            <line>
              <![CDATA[<div class='FINE'>Stdout: <br/>--------------------------------------------------------------------------------<br/>                               Errata Information<br/>--------------------------------------------------------------------------------<br/><br/>ID                : RHEA-2012:0002<br/>Title             : Sea_Erratum<br/>Description:<br/>    Sea_Erratum<br/>Type              : security<br/>Issued            : 2012-02-29 11:01:10<br/>Updated           : <br/>Version           : 1<br/>Release           : 1<br/>Status            : stable<br/>Reboot Suggested  : False<br/>Affected Packages:<br/>    walrus-5.21-1.noarch.rpm<br/>    penguin-0.9.1-1.noarch.rpm<br/>    shark-0.1-1.noarch.rpm<br/><br/></div>]]>
            </line>
            <line>
              <![CDATA[<div class='FINE'>Stderr: </div>]]>
            </line>
            <line>
              <![CDATA[<div class='FINE'>ExitCode: 0</div>]]>
            </line>
            <line>
              <![CDATA[<div class='INFO ASSERT'>Asserted: Check - return code (errata info)</div>]]>
            </line>
            <line>
              <![CDATA[<div class='INFO ASSERT'>Asserted: Check - errata info output</div>]]>
            </line>
            <line>
              <![CDATA[<div class='INFO banner'>Test Passed: test_errataInfo</div>]]>
            </line>
          </reporter-output>
        </test-method> <!-- test_errataInfo -->
        <test-method status="PASS" signature="test_errataList()[pri:0, instance:com.redhat.qe.katello.tests.cli.ErrataTests@62bbb074]" name="test_errataList" duration-ms="1043" started-at="2013-05-23T23:54:37Z" description="8782a6e0-f41a-48d5-8599-bfe7f24078f6" finished-at="2013-05-23T23:54:38Z">
          <reporter-output>
            <line>
              <![CDATA[<div class='INFO banner startTest'>Starting Test: test_errataList</div>]]>
            </line>
            <line>
              <![CDATA[<div class='FINE'>ssh root@cfseserver4.usersys.redhat.com export LANG=en_US && katello --username "admin" --password "admin" errata list --org "org1369367628" --product_id "1369385631174" --repo "repo1369367628" --content_view "pubview1369367639"</div>]]>
            </line>
            <line>
              <![CDATA[<div class='FINE'>Stdout: <br/>--------------------------------------------------------------------------------<br/>                                  Errata List<br/><br/>ID             Title           Type     <br/>--------------------------------------------------------------------------------<br/>RHEA-2012:0001 Bear_Erratum    security <br/>RHEA-2012:0002 Sea_Erratum     security <br/>RHEA-2012:0003 Bird_Erratum    security <br/>RHEA-2012:0004 Gorilla_Erratum security <br/></div>]]>
            </line>
            <line>
              <![CDATA[<div class='FINE'>Stderr: </div>]]>
            </line>
            <line>
              <![CDATA[<div class='FINE'>ExitCode: 0</div>]]>
            </line>
            <line>
              <![CDATA[<div class='INFO ASSERT'>Asserted: Check - return code (errata list)</div>]]>
            </line>
            <line>
              <![CDATA[<div class='INFO ASSERT'>Asserted: Check - errata list output</div>]]>
            </line>
            <line>
              <![CDATA[<div class='INFO banner'>Test Passed: test_errataList</div>]]>
            </line>
          </reporter-output>
        </test-method> <!-- test_errataList -->
      </class> <!-- com.redhat.qe.katello.tests.cli.ErrataTests -->
      <class name="com.redhat.qe.katello.tests.cli.SetupServers">
        <test-method status="PASS" signature="setUp()[pri:0, instance:com.redhat.qe.katello.tests.cli.SetupServers@245b5f7e]" name="setUp" is-config="true" duration-ms="785" started-at="2013-05-23T23:53:46Z" description="setup Deltacloud Server and client" finished-at="2013-05-23T23:53:47Z">
          <reporter-output>
            <line>
              <![CDATA[<div class='INFO'>Disabling yum repos: [*beaker*]</div>]]>
            </line>
            <line>
              <![CDATA[<div class='FINE'>ssh root@cfseserver4.usersys.redhat.com sed -i "s/^enabled=.*/enabled=0/" /etc/yum.repos.d/*beaker*</div>]]>
            </line>
            <line>
              <![CDATA[<div class='FINE'>Stdout: </div>]]>
            </line>
            <line>
              <![CDATA[<div class='FINE'>Stderr: </div>]]>
            </line>
            <line>
              <![CDATA[<div class='FINE'>ExitCode: 0</div>]]>
            </line>
            <line>
              <![CDATA[<div class='INFO'>Disabling yum repos: [*epel*]</div>]]>
            </line>
            <line>
              <![CDATA[<div class='FINE'>ssh root@cfseserver4.usersys.redhat.com sed -i "s/^enabled=.*/enabled=0/" /etc/yum.repos.d/*epel*</div>]]>
            </line>
            <line>
              <![CDATA[<div class='FINE'>Stdout: </div>]]>
            </line>
            <line>
              <![CDATA[<div class='FINE'>Stderr: </div>]]>
            </line>
            <line>
              <![CDATA[<div class='FINE'>ExitCode: 0</div>]]>
            </line>
            <line>
              <![CDATA[<div class='FINE banner'>Configuration completed: com.redhat.qe.katello.tests.cli.SetupServers.setUp</div>]]>
            </line>
            <line>
              <![CDATA[<div class='INFO banner'>Starting TestNG Script: CLI_Tests</div>]]>
            </line>
          </reporter-output>
        </test-method> <!-- setUp -->
        <test-method status="PASS" signature="tearDown()[pri:0, instance:com.redhat.qe.katello.tests.cli.SetupServers@245b5f7e]" name="tearDown" is-config="true" duration-ms="104" started-at="2013-05-23T23:54:38Z" finished-at="2013-05-23T23:54:39Z">
          <reporter-output>
            <line>
              <![CDATA[<div class='INFO'>Enabling back yum repos: [*beaker*]</div>]]>
            </line>
            <line>
              <![CDATA[<div class='FINE'>ssh root@cfseserver4.usersys.redhat.com sed -i "s/^enabled=.*/enabled=1/" /etc/yum.repos.d/*beaker*</div>]]>
            </line>
            <line>
              <![CDATA[<div class='FINE'>Stdout: </div>]]>
            </line>
            <line>
              <![CDATA[<div class='FINE'>Stderr: </div>]]>
            </line>
            <line>
              <![CDATA[<div class='FINE'>ExitCode: 0</div>]]>
            </line>
            <line>
              <![CDATA[<div class='INFO'>Enabling back yum repos: [*epel*]</div>]]>
            </line>
            <line>
              <![CDATA[<div class='FINE'>ssh root@cfseserver4.usersys.redhat.com sed -i "s/^enabled=.*/enabled=1/" /etc/yum.repos.d/*epel*</div>]]>
            </line>
            <line>
              <![CDATA[<div class='FINE'>Stdout: </div>]]>
            </line>
            <line>
              <![CDATA[<div class='FINE'>Stderr: </div>]]>
            </line>
            <line>
              <![CDATA[<div class='FINE'>ExitCode: 0</div>]]>
            </line>
            <line>
              <![CDATA[<div class='FINE banner'>Configuration completed: com.redhat.qe.katello.tests.cli.SetupServers.tearDown</div>]]>
            </line>
            <line>
              <![CDATA[<div class='INFO banner'>Finishing TestNG Suite:CFSE Test Suite</div>]]>
            </line>
            <line>
              <![CDATA[<div class='INFO banner'>Finishing TestNG Suite:CFSE Test Suite</div>]]>
            </line>
          </reporter-output>
        </test-method> <!-- tearDown -->
      </class> <!-- com.redhat.qe.katello.tests.cli.SetupServers -->
    </test> <!-- CLI_Tests -->
  </suite> <!-- CFSE Test Suite -->
</testng-results>
